2024-12-10 02:05:40,709 [INFO] [main] Starting the Snake game application
2024-12-10 02:05:40,709 [INFO] [main] Initializing the main tkinter window
2024-12-10 02:05:40,840 [INFO] [main] Setting up the main window frame and text
2024-12-10 02:05:40,907 [INFO] [main] Creating Snake game instance
2024-12-10 02:05:40,908 [INFO] [__init__] Initializing the Snake game
2024-12-10 02:05:40,909 [INFO] [create_head_food] Creating the snake's head and initial body
2024-12-10 02:05:40,909 [INFO] [add] Creating new food at a random position
2024-12-10 02:05:40,910 [INFO] [draw] Drawing element at (711, 261) with size 15
2024-12-10 02:05:40,910 [INFO] [add] Food created at (718, 268)
2024-12-10 02:05:40,910 [INFO] [draw] Drawing element at (365, 230) with size 11
2024-12-10 02:05:40,930 [INFO] [draw] Drawing element at (365, 219) with size 11
2024-12-10 02:05:40,930 [INFO] [draw] Drawing element at (365, 208) with size 11
2024-12-10 02:05:40,931 [INFO] [draw] Drawing element at (365, 197) with size 11
2024-12-10 02:05:40,931 [INFO] [draw] Drawing element at (365, 186) with size 11
2024-12-10 02:05:40,932 [INFO] [create_head_food] Snake and food created successfully
2024-12-10 02:05:40,932 [INFO] [__init__] Binding controls to keyboard events
2024-12-10 02:05:40,933 [INFO] [main] Starting the Snake game
2024-12-10 02:05:40,933 [INFO] [start] Game started
2024-12-10 02:05:40,934 [INFO] [draw] Drawing element at (365, 175) with size 11
2024-12-10 02:05:41,505 [INFO] [draw] Drawing element at (365, 164) with size 11
2024-12-10 02:05:42,013 [INFO] [draw] Drawing element at (365, 153) with size 11
2024-12-10 02:05:42,524 [INFO] [draw] Drawing element at (365, 142) with size 11
2024-12-10 02:05:43,033 [INFO] [draw] Drawing element at (365, 131) with size 11
2024-12-10 02:05:43,190 [INFO] [right] Changing direction to RIGHT
2024-12-10 02:05:43,547 [INFO] [draw] Drawing element at (376, 131) with size 11
2024-12-10 02:05:44,059 [INFO] [draw] Drawing element at (387, 131) with size 11
2024-12-10 02:05:44,569 [INFO] [draw] Drawing element at (398, 131) with size 11
2024-12-10 02:05:45,084 [INFO] [speed_key] Increasing speed
2024-12-10 02:05:45,086 [INFO] [speed] Speed increased. Current speed: 9
2024-12-10 02:05:45,088 [INFO] [draw] Drawing element at (409, 131) with size 11
2024-12-10 02:05:45,246 [INFO] [speed_key] Increasing speed
2024-12-10 02:05:45,249 [INFO] [speed] Speed increased. Current speed: 8
2024-12-10 02:05:45,453 [INFO] [speed_key] Increasing speed
2024-12-10 02:05:45,456 [INFO] [speed] Speed increased. Current speed: 7
2024-12-10 02:05:45,558 [INFO] [draw] Drawing element at (420, 131) with size 11
2024-12-10 02:05:45,916 [INFO] [draw] Drawing element at (431, 131) with size 11
2024-12-10 02:05:46,275 [INFO] [draw] Drawing element at (442, 131) with size 11
2024-12-10 02:05:46,634 [INFO] [draw] Drawing element at (453, 131) with size 11
2024-12-10 02:05:46,992 [INFO] [draw] Drawing element at (464, 131) with size 11
2024-12-10 02:05:47,096 [INFO] [speed_key] Increasing speed
2024-12-10 02:05:47,099 [INFO] [speed] Speed increased. Current speed: 6
2024-12-10 02:05:47,354 [INFO] [draw] Drawing element at (475, 131) with size 11
2024-12-10 02:05:47,661 [INFO] [draw] Drawing element at (486, 131) with size 11
2024-12-10 02:05:47,920 [INFO] [speed_key] Increasing speed
2024-12-10 02:05:47,922 [INFO] [speed] Speed increased. Current speed: 5
2024-12-10 02:05:47,974 [INFO] [draw] Drawing element at (497, 131) with size 11
2024-12-10 02:05:48,233 [INFO] [draw] Drawing element at (508, 131) with size 11
2024-12-10 02:05:48,489 [INFO] [draw] Drawing element at (519, 131) with size 11
2024-12-10 02:05:48,746 [INFO] [draw] Drawing element at (530, 131) with size 11
2024-12-10 02:05:49,005 [INFO] [draw] Drawing element at (541, 131) with size 11
2024-12-10 02:05:49,264 [INFO] [draw] Drawing element at (552, 131) with size 11
2024-12-10 02:05:49,521 [INFO] [draw] Drawing element at (563, 131) with size 11
2024-12-10 02:05:49,777 [INFO] [draw] Drawing element at (574, 131) with size 11
2024-12-10 02:05:50,037 [INFO] [draw] Drawing element at (585, 131) with size 11
2024-12-10 02:05:50,293 [INFO] [draw] Drawing element at (596, 131) with size 11
2024-12-10 02:05:50,550 [INFO] [draw] Drawing element at (607, 131) with size 11
2024-12-10 02:05:50,806 [INFO] [draw] Drawing element at (618, 131) with size 11
2024-12-10 02:05:51,062 [INFO] [draw] Drawing element at (629, 131) with size 11
2024-12-10 02:05:51,320 [INFO] [draw] Drawing element at (640, 131) with size 11
2024-12-10 02:05:51,578 [INFO] [draw] Drawing element at (651, 131) with size 11
2024-12-10 02:05:51,836 [INFO] [draw] Drawing element at (662, 131) with size 11
2024-12-10 02:05:52,100 [INFO] [draw] Drawing element at (673, 131) with size 11
2024-12-10 02:05:52,357 [INFO] [draw] Drawing element at (684, 131) with size 11
2024-12-10 02:05:52,614 [INFO] [draw] Drawing element at (695, 131) with size 11
2024-12-10 02:05:52,873 [INFO] [draw] Drawing element at (706, 131) with size 11
2024-12-10 02:05:53,130 [INFO] [draw] Drawing element at (717, 131) with size 11
2024-12-10 02:05:53,184 [INFO] [down] Changing direction to DOWN
2024-12-10 02:05:53,391 [INFO] [draw] Drawing element at (717, 142) with size 11
2024-12-10 02:05:53,648 [INFO] [draw] Drawing element at (717, 153) with size 11
2024-12-10 02:05:53,906 [INFO] [draw] Drawing element at (717, 164) with size 11
2024-12-10 02:05:54,162 [INFO] [draw] Drawing element at (717, 175) with size 11
2024-12-10 02:05:54,420 [INFO] [draw] Drawing element at (717, 186) with size 11
2024-12-10 02:05:54,678 [INFO] [draw] Drawing element at (717, 197) with size 11
2024-12-10 02:05:54,933 [INFO] [draw] Drawing element at (717, 208) with size 11
2024-12-10 02:05:55,190 [INFO] [draw] Drawing element at (717, 219) with size 11
2024-12-10 02:05:55,448 [INFO] [draw] Drawing element at (717, 230) with size 11
2024-12-10 02:05:55,704 [INFO] [draw] Drawing element at (717, 241) with size 11
2024-12-10 02:05:55,962 [INFO] [draw] Drawing element at (717, 252) with size 11
2024-12-10 02:05:55,965 [INFO] [eat] Food eaten by snake!
2024-12-10 02:05:55,966 [INFO] [add] Creating new food at a random position
2024-12-10 02:05:55,967 [INFO] [draw] Drawing element at (393, 350) with size 15
2024-12-10 02:05:55,969 [INFO] [add] Food created at (400, 357)
2024-12-10 02:05:55,971 [INFO] [start] Food eaten
2024-12-10 02:05:55,973 [INFO] [speed] Speed increased. Current speed: 4
2024-12-10 02:05:56,178 [INFO] [draw] Drawing element at (717, 263) with size 11
2024-12-10 02:05:56,335 [INFO] [left] Changing direction to LEFT
2024-12-10 02:05:56,389 [INFO] [draw] Drawing element at (706, 263) with size 11
2024-12-10 02:05:56,595 [INFO] [draw] Drawing element at (695, 263) with size 11
2024-12-10 02:05:56,803 [INFO] [draw] Drawing element at (684, 263) with size 11
2024-12-10 02:05:57,010 [INFO] [draw] Drawing element at (673, 263) with size 11
2024-12-10 02:05:57,216 [INFO] [draw] Drawing element at (662, 263) with size 11
2024-12-10 02:05:57,424 [INFO] [draw] Drawing element at (651, 263) with size 11
2024-12-10 02:05:57,632 [INFO] [draw] Drawing element at (640, 263) with size 11
2024-12-10 02:05:57,687 [INFO] [down] Changing direction to DOWN
2024-12-10 02:05:57,846 [INFO] [draw] Drawing element at (640, 274) with size 11
2024-12-10 02:05:58,057 [INFO] [draw] Drawing element at (640, 285) with size 11
2024-12-10 02:05:58,265 [INFO] [draw] Drawing element at (640, 296) with size 11
2024-12-10 02:05:58,473 [INFO] [draw] Drawing element at (640, 307) with size 11
2024-12-10 02:05:58,680 [INFO] [draw] Drawing element at (640, 318) with size 11
2024-12-10 02:05:58,888 [INFO] [draw] Drawing element at (640, 329) with size 11
2024-12-10 02:05:59,095 [INFO] [draw] Drawing element at (640, 340) with size 11
2024-12-10 02:05:59,302 [INFO] [draw] Drawing element at (640, 351) with size 11
2024-12-10 02:05:59,509 [INFO] [draw] Drawing element at (640, 362) with size 11
2024-12-10 02:05:59,716 [INFO] [draw] Drawing element at (640, 373) with size 11
2024-12-10 02:05:59,924 [INFO] [draw] Drawing element at (640, 384) with size 11
2024-12-10 02:06:00,131 [INFO] [draw] Drawing element at (640, 395) with size 11
2024-12-10 02:06:00,185 [INFO] [left] Changing direction to LEFT
2024-12-10 02:06:00,341 [INFO] [draw] Drawing element at (629, 395) with size 11
2024-12-10 02:06:00,548 [INFO] [draw] Drawing element at (618, 395) with size 11
2024-12-10 02:06:00,755 [INFO] [draw] Drawing element at (607, 395) with size 11
2024-12-10 02:06:00,962 [INFO] [draw] Drawing element at (596, 395) with size 11
2024-12-10 02:06:01,171 [INFO] [draw] Drawing element at (585, 395) with size 11
2024-12-10 02:06:01,378 [INFO] [draw] Drawing element at (574, 395) with size 11
2024-12-10 02:06:01,587 [INFO] [draw] Drawing element at (563, 395) with size 11
2024-12-10 02:06:01,794 [INFO] [draw] Drawing element at (552, 395) with size 11
2024-12-10 02:06:02,001 [INFO] [draw] Drawing element at (541, 395) with size 11
2024-12-10 02:06:02,157 [INFO] [up] Changing direction to UP
2024-12-10 02:06:02,210 [INFO] [draw] Drawing element at (541, 384) with size 11
2024-12-10 02:06:02,417 [INFO] [draw] Drawing element at (541, 373) with size 11
2024-12-10 02:06:02,623 [INFO] [draw] Drawing element at (541, 362) with size 11
2024-12-10 02:06:02,832 [INFO] [left] Changing direction to LEFT
2024-12-10 02:06:02,834 [INFO] [draw] Drawing element at (530, 362) with size 11
2024-12-10 02:06:03,044 [INFO] [draw] Drawing element at (519, 362) with size 11
2024-12-10 02:06:03,252 [INFO] [draw] Drawing element at (508, 362) with size 11
2024-12-10 02:06:03,458 [INFO] [draw] Drawing element at (497, 362) with size 11
2024-12-10 02:06:03,665 [INFO] [draw] Drawing element at (486, 362) with size 11
2024-12-10 02:06:03,874 [INFO] [draw] Drawing element at (475, 362) with size 11
2024-12-10 02:06:04,083 [INFO] [draw] Drawing element at (464, 362) with size 11
2024-12-10 02:06:04,287 [INFO] [draw] Drawing element at (453, 362) with size 11
2024-12-10 02:06:04,496 [INFO] [draw] Drawing element at (442, 362) with size 11
2024-12-10 02:06:04,704 [INFO] [draw] Drawing element at (431, 362) with size 11
2024-12-10 02:06:04,911 [INFO] [draw] Drawing element at (420, 362) with size 11
2024-12-10 02:06:05,117 [INFO] [draw] Drawing element at (409, 362) with size 11
2024-12-10 02:06:05,324 [INFO] [draw] Drawing element at (398, 362) with size 11
2024-12-10 02:06:05,326 [INFO] [eat] Food eaten by snake!
2024-12-10 02:06:05,328 [INFO] [add] Creating new food at a random position
2024-12-10 02:06:05,330 [INFO] [draw] Drawing element at (311, 432) with size 15
2024-12-10 02:06:05,332 [INFO] [add] Food created at (318, 439)
2024-12-10 02:06:05,334 [INFO] [start] Food eaten
2024-12-10 02:06:05,336 [INFO] [speed] Speed increased. Current speed: 3
2024-12-10 02:06:05,491 [INFO] [draw] Drawing element at (387, 362) with size 11
2024-12-10 02:06:05,646 [INFO] [up] Changing direction to UP
2024-12-10 02:06:05,648 [INFO] [draw] Drawing element at (387, 351) with size 11
2024-12-10 02:06:05,806 [INFO] [draw] Drawing element at (387, 340) with size 11
2024-12-10 02:06:05,961 [INFO] [draw] Drawing element at (387, 329) with size 11
2024-12-10 02:06:06,117 [INFO] [left] Changing direction to LEFT
2024-12-10 02:06:06,120 [INFO] [draw] Drawing element at (376, 329) with size 11
2024-12-10 02:06:06,275 [INFO] [draw] Drawing element at (365, 329) with size 11
2024-12-10 02:06:06,432 [INFO] [draw] Drawing element at (354, 329) with size 11
2024-12-10 02:06:06,587 [INFO] [draw] Drawing element at (343, 329) with size 11
2024-12-10 02:06:06,743 [INFO] [draw] Drawing element at (332, 329) with size 11
2024-12-10 02:06:06,900 [INFO] [draw] Drawing element at (321, 329) with size 11
2024-12-10 02:06:07,056 [INFO] [draw] Drawing element at (310, 329) with size 11
2024-12-10 02:06:07,213 [INFO] [draw] Drawing element at (299, 329) with size 11
2024-12-10 02:06:07,265 [INFO] [down] Changing direction to DOWN
2024-12-10 02:06:07,373 [INFO] [draw] Drawing element at (299, 340) with size 11
2024-12-10 02:06:07,530 [INFO] [draw] Drawing element at (299, 351) with size 11
2024-12-10 02:06:07,688 [INFO] [draw] Drawing element at (299, 362) with size 11
2024-12-10 02:06:07,846 [INFO] [draw] Drawing element at (299, 373) with size 11
2024-12-10 02:06:08,007 [INFO] [draw] Drawing element at (299, 384) with size 11
2024-12-10 02:06:08,163 [INFO] [draw] Drawing element at (299, 395) with size 11
2024-12-10 02:06:08,321 [INFO] [draw] Drawing element at (299, 406) with size 11
2024-12-10 02:06:08,477 [INFO] [draw] Drawing element at (299, 417) with size 11
2024-12-10 02:06:08,634 [INFO] [draw] Drawing element at (299, 428) with size 11
2024-12-10 02:06:08,791 [INFO] [draw] Drawing element at (299, 439) with size 11
2024-12-10 02:06:08,949 [INFO] [right] Changing direction to RIGHT
2024-12-10 02:06:08,952 [INFO] [draw] Drawing element at (310, 439) with size 11
2024-12-10 02:06:08,954 [INFO] [eat] Food eaten by snake!
2024-12-10 02:06:08,955 [INFO] [add] Creating new food at a random position
2024-12-10 02:06:08,957 [INFO] [draw] Drawing element at (328, 422) with size 15
2024-12-10 02:06:08,959 [INFO] [add] Food created at (335, 429)
2024-12-10 02:06:08,961 [INFO] [start] Food eaten
2024-12-10 02:06:08,962 [INFO] [speed] Speed increased. Current speed: 2
2024-12-10 02:06:09,065 [INFO] [draw] Drawing element at (321, 439) with size 11
2024-12-10 02:06:09,170 [INFO] [draw] Drawing element at (332, 439) with size 11
2024-12-10 02:06:09,273 [INFO] [draw] Drawing element at (343, 439) with size 11
2024-12-10 02:06:09,380 [INFO] [draw] Drawing element at (354, 439) with size 11
2024-12-10 02:06:09,487 [INFO] [draw] Drawing element at (365, 439) with size 11
2024-12-10 02:06:09,540 [INFO] [up] Changing direction to UP
2024-12-10 02:06:09,598 [INFO] [draw] Drawing element at (365, 428) with size 11
2024-12-10 02:06:09,706 [INFO] [draw] Drawing element at (365, 417) with size 11
2024-12-10 02:06:09,814 [INFO] [left] Changing direction to LEFT
2024-12-10 02:06:09,817 [INFO] [draw] Drawing element at (354, 417) with size 11
2024-12-10 02:06:09,924 [INFO] [draw] Drawing element at (343, 417) with size 11
2024-12-10 02:06:10,030 [INFO] [draw] Drawing element at (332, 417) with size 11
2024-12-10 02:06:10,032 [INFO] [eat] Food eaten by snake!
2024-12-10 02:06:10,034 [INFO] [add] Creating new food at a random position
2024-12-10 02:06:10,036 [INFO] [draw] Drawing element at (394, 232) with size 15
2024-12-10 02:06:10,038 [INFO] [add] Food created at (401, 239)
2024-12-10 02:06:10,040 [INFO] [start] Food eaten
2024-12-10 02:06:10,041 [INFO] [speed] Speed increased. Current speed: 1
2024-12-10 02:06:10,096 [INFO] [draw] Drawing element at (321, 417) with size 11
2024-12-10 02:06:10,149 [INFO] [draw] Drawing element at (310, 417) with size 11
2024-12-10 02:06:10,204 [INFO] [draw] Drawing element at (299, 417) with size 11
2024-12-10 02:06:10,256 [INFO] [draw] Drawing element at (288, 417) with size 11
2024-12-10 02:06:10,309 [INFO] [draw] Drawing element at (277, 417) with size 11
2024-12-10 02:06:10,362 [INFO] [draw] Drawing element at (266, 417) with size 11
2024-12-10 02:06:10,415 [INFO] [draw] Drawing element at (255, 417) with size 11
2024-12-10 02:06:10,470 [INFO] [draw] Drawing element at (244, 417) with size 11
2024-12-10 02:06:10,523 [INFO] [draw] Drawing element at (233, 417) with size 11
2024-12-10 02:06:10,575 [INFO] [left] Changing direction to LEFT
2024-12-10 02:06:10,578 [INFO] [draw] Drawing element at (222, 417) with size 11
2024-12-10 02:06:10,637 [INFO] [up] Changing direction to UP
2024-12-10 02:06:10,640 [INFO] [draw] Drawing element at (222, 406) with size 11
2024-12-10 02:06:10,698 [INFO] [draw] Drawing element at (222, 395) with size 11
2024-12-10 02:06:10,753 [INFO] [draw] Drawing element at (222, 384) with size 11
2024-12-10 02:06:10,807 [INFO] [draw] Drawing element at (222, 373) with size 11
2024-12-10 02:06:10,861 [INFO] [draw] Drawing element at (222, 362) with size 11
2024-12-10 02:06:10,915 [INFO] [draw] Drawing element at (222, 351) with size 11
2024-12-10 02:06:10,970 [INFO] [draw] Drawing element at (222, 340) with size 11
2024-12-10 02:06:11,024 [INFO] [draw] Drawing element at (222, 329) with size 11
2024-12-10 02:06:11,079 [INFO] [draw] Drawing element at (222, 318) with size 11
2024-12-10 02:06:11,132 [INFO] [draw] Drawing element at (222, 307) with size 11
2024-12-10 02:06:11,185 [INFO] [draw] Drawing element at (222, 296) with size 11
2024-12-10 02:06:11,238 [INFO] [draw] Drawing element at (222, 285) with size 11
2024-12-10 02:06:11,295 [INFO] [draw] Drawing element at (222, 274) with size 11
2024-12-10 02:06:11,351 [INFO] [draw] Drawing element at (222, 263) with size 11
2024-12-10 02:06:11,412 [INFO] [draw] Drawing element at (222, 252) with size 11
2024-12-10 02:06:11,466 [INFO] [draw] Drawing element at (222, 241) with size 11
2024-12-10 02:06:11,521 [INFO] [draw] Drawing element at (222, 230) with size 11
2024-12-10 02:06:11,575 [INFO] [draw] Drawing element at (222, 219) with size 11
2024-12-10 02:06:11,628 [INFO] [right] Changing direction to RIGHT
2024-12-10 02:06:11,632 [INFO] [draw] Drawing element at (233, 219) with size 11
2024-12-10 02:06:11,686 [INFO] [draw] Drawing element at (244, 219) with size 11
2024-12-10 02:06:11,741 [INFO] [draw] Drawing element at (255, 219) with size 11
2024-12-10 02:06:11,796 [INFO] [draw] Drawing element at (266, 219) with size 11
2024-12-10 02:06:11,850 [INFO] [draw] Drawing element at (277, 219) with size 11
2024-12-10 02:06:11,913 [INFO] [draw] Drawing element at (288, 219) with size 11
2024-12-10 02:06:11,969 [INFO] [draw] Drawing element at (299, 219) with size 11
2024-12-10 02:06:12,025 [INFO] [draw] Drawing element at (310, 219) with size 11
2024-12-10 02:06:12,078 [INFO] [draw] Drawing element at (321, 219) with size 11
2024-12-10 02:06:12,131 [INFO] [draw] Drawing element at (332, 219) with size 11
2024-12-10 02:06:12,186 [INFO] [draw] Drawing element at (343, 219) with size 11
2024-12-10 02:06:12,243 [INFO] [draw] Drawing element at (354, 219) with size 11
2024-12-10 02:06:12,298 [INFO] [draw] Drawing element at (365, 219) with size 11
2024-12-10 02:06:12,353 [INFO] [draw] Drawing element at (376, 219) with size 11
2024-12-10 02:06:12,411 [INFO] [draw] Drawing element at (387, 219) with size 11
2024-12-10 02:06:12,468 [INFO] [draw] Drawing element at (398, 219) with size 11
2024-12-10 02:06:12,525 [INFO] [draw] Drawing element at (409, 219) with size 11
2024-12-10 02:06:12,582 [INFO] [draw] Drawing element at (420, 219) with size 11
2024-12-10 02:06:12,635 [INFO] [down] Changing direction to DOWN
2024-12-10 02:06:12,642 [INFO] [draw] Drawing element at (420, 230) with size 11
2024-12-10 02:06:12,696 [INFO] [draw] Drawing element at (420, 241) with size 11
2024-12-10 02:06:12,750 [INFO] [draw] Drawing element at (420, 252) with size 11
2024-12-10 02:06:12,805 [INFO] [draw] Drawing element at (420, 263) with size 11
2024-12-10 02:06:12,859 [INFO] [draw] Drawing element at (420, 274) with size 11
2024-12-10 02:06:12,913 [INFO] [draw] Drawing element at (420, 285) with size 11
2024-12-10 02:06:12,970 [INFO] [left] Changing direction to LEFT
2024-12-10 02:06:12,970 [INFO] [draw] Drawing element at (409, 285) with size 11
2024-12-10 02:06:13,025 [INFO] [draw] Drawing element at (398, 285) with size 11
2024-12-10 02:06:13,080 [INFO] [draw] Drawing element at (387, 285) with size 11
2024-12-10 02:06:13,135 [INFO] [draw] Drawing element at (376, 285) with size 11
2024-12-10 02:06:13,188 [INFO] [up] Changing direction to UP
2024-12-10 02:06:13,192 [INFO] [draw] Drawing element at (376, 274) with size 11
2024-12-10 02:06:13,246 [INFO] [draw] Drawing element at (376, 263) with size 11
2024-12-10 02:06:13,300 [INFO] [draw] Drawing element at (376, 252) with size 11
2024-12-10 02:06:13,355 [INFO] [draw] Drawing element at (376, 241) with size 11
2024-12-10 02:06:13,411 [INFO] [draw] Drawing element at (376, 230) with size 11
2024-12-10 02:06:13,462 [INFO] [right] Changing direction to RIGHT
2024-12-10 02:06:13,466 [INFO] [draw] Drawing element at (387, 230) with size 11
2024-12-10 02:06:13,468 [INFO] [eat] Food eaten by snake!
2024-12-10 02:06:13,469 [INFO] [add] Creating new food at a random position
2024-12-10 02:06:13,470 [INFO] [draw] Drawing element at (486, 224) with size 15
2024-12-10 02:06:13,471 [INFO] [add] Food created at (493, 231)
2024-12-10 02:06:13,473 [INFO] [start] Food eaten
2024-12-10 02:06:13,527 [INFO] [draw] Drawing element at (398, 230) with size 11
2024-12-10 02:06:13,580 [INFO] [draw] Drawing element at (409, 230) with size 11
2024-12-10 02:06:13,633 [INFO] [draw] Drawing element at (420, 230) with size 11
2024-12-10 02:06:13,689 [INFO] [draw] Drawing element at (431, 230) with size 11
2024-12-10 02:06:13,743 [INFO] [draw] Drawing element at (442, 230) with size 11
2024-12-10 02:06:13,797 [INFO] [draw] Drawing element at (453, 230) with size 11
2024-12-10 02:06:13,852 [INFO] [draw] Drawing element at (464, 230) with size 11
2024-12-10 02:06:13,908 [INFO] [draw] Drawing element at (475, 230) with size 11
2024-12-10 02:06:13,963 [INFO] [draw] Drawing element at (486, 230) with size 11
2024-12-10 02:06:13,964 [INFO] [eat] Food eaten by snake!
2024-12-10 02:06:13,965 [INFO] [add] Creating new food at a random position
2024-12-10 02:06:13,967 [INFO] [draw] Drawing element at (465, 444) with size 15
2024-12-10 02:06:13,969 [INFO] [add] Food created at (472, 451)
2024-12-10 02:06:13,970 [INFO] [start] Food eaten
2024-12-10 02:06:14,029 [INFO] [draw] Drawing element at (497, 230) with size 11
2024-12-10 02:06:14,082 [INFO] [left] Changing direction to LEFT
2024-12-10 02:06:14,084 [INFO] [draw] Drawing element at (486, 230) with size 11
2024-12-10 02:06:14,085 [INFO] [explosive] Displaying explosion animation
2024-12-10 02:06:14,087 [WARNING] [bump_body] Collision with the snake's body detected
2024-12-10 02:06:14,088 [WARNING] [start] Snake collided with itself
2024-12-10 02:06:14,089 [INFO] [main] Running the main tkinter event loop
2024-12-10 02:06:14,091 [INFO] [up] Changing direction to UP
2024-12-10 02:06:17,074 [INFO] [quit] Game paused
2024-12-10 02:06:17,075 [INFO] [quit] Game paused
2024-12-10 02:06:17,076 [INFO] [quit] Game paused
2024-12-10 02:06:17,077 [INFO] [quit] Game paused
2024-12-10 02:06:17,078 [INFO] [quit] Game paused
